<?xml version="1.0" encoding="UTF-8"?>
<!-- Generated by org.testng.reporters.JUnitReportReporter -->
<testsuite ignored="0" hostname="cellforce" failures="0" tests="1" name="loginTest.TC_06_ParameterLogin" time="2.267" errors="0" timestamp="12 Dec 2020 15:25:15 GMT" skipped="0">
  <testcase classname="loginTest.TC_06_ParameterLogin" name="TC_06" time="2.267"/>
</testsuite> <!-- loginTest.TC_06_ParameterLogin -->
