<?xml version="1.0" encoding="UTF-8"?>
<!-- Generated by org.testng.reporters.JUnitReportReporter -->
<testsuite ignored="0" hostname="cellforce" failures="0" tests="1" name="loginTest.TC_01_CorrectLogin" time="2.090" errors="0" timestamp="12 Dec 2020 15:59:05 GMT" skipped="0">
  <testcase classname="loginTest.TC_01_CorrectLogin" name="TC_01" time="2.090"/>
</testsuite> <!-- loginTest.TC_01_CorrectLogin -->
