<?xml version="1.0" encoding="UTF-8"?>
<!-- Generated by org.testng.reporters.JUnitReportReporter -->
<testsuite ignored="0" hostname="cellforce" failures="0" tests="2" name="loginTest.TEC_03_Logout" time="7.184" errors="0" timestamp="12 Dec 2020 15:18:42 GMT" skipped="0">
  <testcase classname="loginTest.TEC_03_Logout" name="TC_03" time="3.655"/>
  <testcase classname="loginTest.TEC_03_Logout" name="TC_03" time="3.529"/>
</testsuite> <!-- loginTest.TEC_03_Logout -->
