<?xml version="1.0" encoding="UTF-8"?>
<!-- Generated by org.testng.reporters.JUnitReportReporter -->
<testsuite ignored="0" hostname="cellforce" failures="0" tests="1" name="Test.NewTest" time="0.027" errors="0" timestamp="14 Nov 2020 15:48:47 GMT" skipped="0">
  <testcase classname="Test.NewTest" name="f" time="0.027"/>
</testsuite> <!-- Test.NewTest -->
