<?xml version="1.0" encoding="UTF-8"?>
<!-- Generated by org.testng.reporters.JUnitReportReporter -->
<testsuite ignored="0" hostname="cellforce" failures="0" tests="1" name="asserts.NewTest" time="2.287" errors="0" timestamp="05 Dec 2020 15:39:51 GMT" skipped="0">
  <testcase classname="asserts.NewTest" name="f" time="2.287"/>
</testsuite> <!-- asserts.NewTest -->
