<?xml version="1.0" encoding="UTF-8"?>
<!-- Generated by org.testng.reporters.JUnitReportReporter -->
<testsuite ignored="0" hostname="cellforce" failures="0" tests="1" name="asserts.HardAssert" time="2.322" errors="0" timestamp="05 Dec 2020 15:49:01 GMT" skipped="0">
  <testcase classname="asserts.HardAssert" name="f" time="2.322"/>
</testsuite> <!-- asserts.HardAssert -->
